<?xml version="1.0" encoding="UTF-8"?>
<!-- Generated by org.testng.reporters.JUnitReportReporter -->
<testsuite hostname="PUNITP304233L" failures="0" tests="3" name="assignment2.assign2_dataprovider" time="0.007" errors="0" timestamp="2020-12-02T11:41:22 IST" skipped="0">
  <testcase classname="assignment2.assign2_dataprovider" name="test" time="0.001"/>
  <system-out/>
  <testcase classname="assignment2.assign2_dataprovider" name="test" time="0.001"/>
  <system-out/>
  <testcase classname="assignment2.assign2_dataprovider" name="test" time="0.005"/>
  <system-out/>
</testsuite> <!-- assignment2.assign2_dataprovider -->
