<?xml version="1.0" encoding="UTF-8"?>
<!-- Generated by org.testng.reporters.JUnitReportReporter -->
<testsuite hostname="PUNITP304233L" failures="0" tests="1" name="assignment3.pincodediff" time="15.972" errors="0" timestamp="2020-12-02T16:49:45 IST" skipped="0">
  <testcase classname="assignment3.pincodediff" name="verifyAssertNotEquals" time="15.972"/>
  <system-out/>
</testsuite> <!-- assignment3.pincodediff -->
