<?xml version="1.0" encoding="UTF-8"?>
<!-- Generated by org.testng.reporters.JUnitReportReporter -->
<testsuite hostname="PUNITP304233L" failures="0" tests="1" name="assignment2.Assign2ExtentRep" time="7.455" errors="0" timestamp="2020-12-02T19:16:49 IST" skipped="0">
  <testcase classname="assignment2.Assign2ExtentRep" name="extentReportsDemo" time="7.455"/>
  <system-out/>
</testsuite> <!-- assignment2.Assign2ExtentRep -->
