<?xml version="1.0" encoding="UTF-8"?>
<!-- Generated by org.testng.reporters.JUnitReportReporter -->
<testsuite hostname="PUNITP304233L" failures="0" tests="1" name="assignment3.googlesignup" time="20.430" errors="0" timestamp="2020-12-02T11:51:03 IST" skipped="0">
  <testcase classname="assignment3.googlesignup" name="test" time="20.430"/>
  <system-out/>
</testsuite> <!-- assignment3.googlesignup -->
